<?xml version="1.0" encoding="UTF-8"?>
<!-- Generated by org.testng.reporters.JUnitXMLReporter -->
<testsuite ignored="1" hostname="Dell-PC" failures="1" tests="18" name="Test" time="0.287" errors="0" timestamp="2022-08-13T10:32:23 IST">
  <testcase classname="TestNG.Test_06" name="A" time="0.017"/>
  <testcase classname="TestNG.Test_06" name="B" time="0.012"/>
  <testcase classname="TestNG.Test_06" name="C" time="0.001"/>
  <testcase classname="TestNG.Test_06" name="D" time="0.002"/>
  <testcase classname="TestNG.Test_07" name="E" time="0.002"/>
  <testcase classname="TestNG.Test_07" name="D" time="0.001"/>
  <testcase classname="TestNG.Test_07" name="C" time="0.001"/>
  <testcase classname="TestNG.Test_07" name="A" time="0.003"/>
  <testcase classname="TestNG.Test_07" name="B" time="0.002"/>
  <testcase classname="TestNG.Test_08" name="B" time="0.001"/>
  <testcase classname="TestNG.Test_08" name="C" time="0.001"/>
  <testcase classname="TestNG.Test_09" name="A" time="0.001"/>
  <testcase classname="TestNG.Test_09" name="A" time="0.001"/>
  <testcase classname="TestNG.Test_09" name="A" time="0.023"/>
  <testcase classname="TestNG.Test_09" name="B" time="0.004"/>
  <testcase classname="TestNG.Test_010" name="A" time="0.012">
    <failure type="java.lang.AssertionError" message="expected [true] but found [false]">
      <![CDATA[java.lang.AssertionError: expected [true] but found [false]
at TestNG.Test_010.A(Test_010.java:11)
at java.base/java.util.ArrayList.forEach(ArrayList.java:1511)
... Removed 31 stack frames]]>
    </failure>
  </testcase> <!-- A -->
  <testcase classname="TestNG.Test_010" name="B" time="0.0">
    <skipped/>
  </testcase> <!-- B -->
  <testcase classname="TestNG.Test_010" name="C" time="0.002"/>
  <testcase classname="TestNG.Test_08" name="A" time="0.0">
    <ignored/>
  </testcase> <!-- A -->
</testsuite> <!-- Test -->
