<?xml version="1.0" encoding="UTF-8"?>
<testng-results ignored="1" total="19" passed="16" failed="1" skipped="1">
  <reporter-output>
  </reporter-output>
  <suite started-at="2022-08-13T10:32:22 IST" name="Suite" finished-at="2022-08-13T10:32:23 IST" duration-ms="287">
    <groups>
    </groups>
    <test started-at="2022-08-13T10:32:22 IST" name="Test" finished-at="2022-08-13T10:32:23 IST" duration-ms="287">
      <class name="TestNG.Test_010">
        <test-method signature="A()[pri:0, instance:TestNG.Test_010@8dbdac1]" started-at="2022-08-13T10:32:23 IST" name="A" finished-at="2022-08-13T10:32:23 IST" duration-ms="12" status="FAIL">
          <exception class="java.lang.AssertionError">
            <message>
              <![CDATA[expected [true] but found [false]]]>
            </message>
            <full-stacktrace>
              <![CDATA[java.lang.AssertionError: expected [true] but found [false]
at org.testng.Assert.fail(Assert.java:99)
at org.testng.Assert.failNotEquals(Assert.java:1037)
at org.testng.Assert.assertTrue(Assert.java:45)
at org.testng.Assert.assertTrue(Assert.java:55)
at TestNG.Test_010.A(Test_010.java:11)
at java.base/jdk.internal.reflect.NativeMethodAccessorImpl.invoke0(Native Method)
at java.base/jdk.internal.reflect.NativeMethodAccessorImpl.invoke(NativeMethodAccessorImpl.java:77)
at java.base/jdk.internal.reflect.DelegatingMethodAccessorImpl.invoke(DelegatingMethodAccessorImpl.java:43)
at java.base/java.lang.reflect.Method.invoke(Method.java:568)
at org.testng.internal.MethodInvocationHelper.invokeMethod(MethodInvocationHelper.java:133)
at org.testng.internal.TestInvoker.invokeMethod(TestInvoker.java:598)
at org.testng.internal.TestInvoker.invokeTestMethod(TestInvoker.java:173)
at org.testng.internal.MethodRunner.runInSequence(MethodRunner.java:46)
at org.testng.internal.TestInvoker$MethodInvocationAgent.invoke(TestInvoker.java:824)
at org.testng.internal.TestInvoker.invokeTestMethods(TestInvoker.java:146)
at org.testng.internal.TestMethodWorker.invokeTestMethods(TestMethodWorker.java:146)
at org.testng.internal.TestMethodWorker.run(TestMethodWorker.java:128)
at java.base/java.util.ArrayList.forEach(ArrayList.java:1511)
at org.testng.TestRunner.privateRun(TestRunner.java:794)
at org.testng.TestRunner.run(TestRunner.java:596)
at org.testng.SuiteRunner.runTest(SuiteRunner.java:377)
at org.testng.SuiteRunner.runSequentially(SuiteRunner.java:371)
at org.testng.SuiteRunner.privateRun(SuiteRunner.java:332)
at org.testng.SuiteRunner.run(SuiteRunner.java:276)
at org.testng.SuiteRunnerWorker.runSuite(SuiteRunnerWorker.java:53)
at org.testng.SuiteRunnerWorker.run(SuiteRunnerWorker.java:96)
at org.testng.TestNG.runSuitesSequentially(TestNG.java:1212)
at org.testng.TestNG.runSuitesLocally(TestNG.java:1134)
at org.testng.TestNG.runSuites(TestNG.java:1063)
at org.testng.TestNG.run(TestNG.java:1031)
at org.testng.remote.AbstractRemoteTestNG.run(AbstractRemoteTestNG.java:115)
at org.testng.remote.RemoteTestNG.initAndRun(RemoteTestNG.java:251)
at org.testng.remote.RemoteTestNG.main(RemoteTestNG.java:77)
]]>
            </full-stacktrace>
          </exception> <!-- java.lang.AssertionError -->
          <reporter-output>
          </reporter-output>
        </test-method> <!-- A -->
        <test-method signature="B()[pri:0, instance:TestNG.Test_010@8dbdac1]" started-at="2022-08-13T10:32:23 IST" name="B" finished-at="2022-08-13T10:32:23 IST" depends-on-methods="TestNG.Test_010.A" duration-ms="0" status="SKIP">
          <exception class="java.lang.Throwable">
            <message>
              <![CDATA[Method Test_010.B()[pri:0, instance:TestNG.Test_010@8dbdac1] depends on not successfully finished methods]]>
            </message>
            <full-stacktrace>
              <![CDATA[java.lang.Throwable: Method Test_010.B()[pri:0, instance:TestNG.Test_010@8dbdac1] depends on not successfully finished methods
at org.testng.internal.TestInvoker.invokeTestMethods(TestInvoker.java:102)
at org.testng.internal.TestMethodWorker.invokeTestMethods(TestMethodWorker.java:146)
at org.testng.internal.TestMethodWorker.run(TestMethodWorker.java:128)
at java.base/java.util.ArrayList.forEach(ArrayList.java:1511)
at org.testng.TestRunner.privateRun(TestRunner.java:794)
at org.testng.TestRunner.run(TestRunner.java:596)
at org.testng.SuiteRunner.runTest(SuiteRunner.java:377)
at org.testng.SuiteRunner.runSequentially(SuiteRunner.java:371)
at org.testng.SuiteRunner.privateRun(SuiteRunner.java:332)
at org.testng.SuiteRunner.run(SuiteRunner.java:276)
at org.testng.SuiteRunnerWorker.runSuite(SuiteRunnerWorker.java:53)
at org.testng.SuiteRunnerWorker.run(SuiteRunnerWorker.java:96)
at org.testng.TestNG.runSuitesSequentially(TestNG.java:1212)
at org.testng.TestNG.runSuitesLocally(TestNG.java:1134)
at org.testng.TestNG.runSuites(TestNG.java:1063)
at org.testng.TestNG.run(TestNG.java:1031)
at org.testng.remote.AbstractRemoteTestNG.run(AbstractRemoteTestNG.java:115)
at org.testng.remote.RemoteTestNG.initAndRun(RemoteTestNG.java:251)
at org.testng.remote.RemoteTestNG.main(RemoteTestNG.java:77)
]]>
            </full-stacktrace>
          </exception> <!-- java.lang.Throwable -->
          <reporter-output>
          </reporter-output>
        </test-method> <!-- B -->
        <test-method signature="C()[pri:0, instance:TestNG.Test_010@8dbdac1]" started-at="2022-08-13T10:32:23 IST" name="C" finished-at="2022-08-13T10:32:23 IST" duration-ms="2" status="PASS">
          <reporter-output>
          </reporter-output>
        </test-method> <!-- C -->
      </class> <!-- TestNG.Test_010 -->
      <class name="TestNG.Test_08">
        <test-method signature="B()[pri:0, instance:TestNG.Test_08@5fdcaa40]" started-at="2022-08-13T10:32:23 IST" name="B" finished-at="2022-08-13T10:32:23 IST" duration-ms="1" status="PASS">
          <reporter-output>
          </reporter-output>
        </test-method> <!-- B -->
        <test-method signature="C()[pri:0, instance:TestNG.Test_08@5fdcaa40]" started-at="2022-08-13T10:32:23 IST" name="C" finished-at="2022-08-13T10:32:23 IST" duration-ms="1" status="PASS">
          <reporter-output>
          </reporter-output>
        </test-method> <!-- C -->
      </class> <!-- TestNG.Test_08 -->
      <class name="TestNG.Test_09">
        <test-method signature="A()[pri:0, instance:TestNG.Test_09@6dc17b83]" started-at="2022-08-13T10:32:23 IST" name="A" finished-at="2022-08-13T10:32:23 IST" duration-ms="1" status="PASS">
          <reporter-output>
          </reporter-output>
        </test-method> <!-- A -->
        <test-method signature="A()[pri:0, instance:TestNG.Test_09@6dc17b83]" started-at="2022-08-13T10:32:23 IST" name="A" finished-at="2022-08-13T10:32:23 IST" duration-ms="1" status="PASS">
          <reporter-output>
          </reporter-output>
        </test-method> <!-- A -->
        <test-method signature="A()[pri:0, instance:TestNG.Test_09@6dc17b83]" started-at="2022-08-13T10:32:23 IST" name="A" finished-at="2022-08-13T10:32:23 IST" duration-ms="23" status="PASS">
          <reporter-output>
          </reporter-output>
        </test-method> <!-- A -->
        <test-method signature="B()[pri:0, instance:TestNG.Test_09@6dc17b83]" started-at="2022-08-13T10:32:23 IST" name="B" finished-at="2022-08-13T10:32:23 IST" duration-ms="4" status="PASS">
          <reporter-output>
          </reporter-output>
        </test-method> <!-- B -->
      </class> <!-- TestNG.Test_09 -->
      <class name="TestNG.Test_06">
        <test-method signature="A()[pri:0, instance:TestNG.Test_06@43195e57]" started-at="2022-08-13T10:32:23 IST" name="A" finished-at="2022-08-13T10:32:23 IST" duration-ms="17" status="PASS">
          <reporter-output>
          </reporter-output>
        </test-method> <!-- A -->
        <test-method signature="B()[pri:0, instance:TestNG.Test_06@43195e57]" started-at="2022-08-13T10:32:23 IST" name="B" finished-at="2022-08-13T10:32:23 IST" duration-ms="12" status="PASS">
          <reporter-output>
          </reporter-output>
        </test-method> <!-- B -->
        <test-method signature="C()[pri:0, instance:TestNG.Test_06@43195e57]" started-at="2022-08-13T10:32:23 IST" name="C" finished-at="2022-08-13T10:32:23 IST" duration-ms="1" status="PASS">
          <reporter-output>
          </reporter-output>
        </test-method> <!-- C -->
        <test-method signature="D()[pri:0, instance:TestNG.Test_06@43195e57]" started-at="2022-08-13T10:32:23 IST" name="D" finished-at="2022-08-13T10:32:23 IST" duration-ms="2" status="PASS">
          <reporter-output>
          </reporter-output>
        </test-method> <!-- D -->
      </class> <!-- TestNG.Test_06 -->
      <class name="TestNG.Test_07">
        <test-method signature="E()[pri:-5, instance:TestNG.Test_07@15ff3e9e]" started-at="2022-08-13T10:32:23 IST" name="E" finished-at="2022-08-13T10:32:23 IST" duration-ms="2" status="PASS">
          <reporter-output>
          </reporter-output>
        </test-method> <!-- E -->
        <test-method signature="D()[pri:0, instance:TestNG.Test_07@15ff3e9e]" started-at="2022-08-13T10:32:23 IST" name="D" finished-at="2022-08-13T10:32:23 IST" duration-ms="1" status="PASS">
          <reporter-output>
          </reporter-output>
        </test-method> <!-- D -->
        <test-method signature="C()[pri:1, instance:TestNG.Test_07@15ff3e9e]" started-at="2022-08-13T10:32:23 IST" name="C" finished-at="2022-08-13T10:32:23 IST" duration-ms="1" status="PASS">
          <reporter-output>
          </reporter-output>
        </test-method> <!-- C -->
        <test-method signature="A()[pri:2, instance:TestNG.Test_07@15ff3e9e]" started-at="2022-08-13T10:32:23 IST" name="A" finished-at="2022-08-13T10:32:23 IST" duration-ms="3" status="PASS">
          <reporter-output>
          </reporter-output>
        </test-method> <!-- A -->
        <test-method signature="B()[pri:3, instance:TestNG.Test_07@15ff3e9e]" started-at="2022-08-13T10:32:23 IST" name="B" finished-at="2022-08-13T10:32:23 IST" duration-ms="2" status="PASS">
          <reporter-output>
          </reporter-output>
        </test-method> <!-- B -->
      </class> <!-- TestNG.Test_07 -->
    </test> <!-- Test -->
  </suite> <!-- Suite -->
</testng-results>
